<?xml version="1.0" encoding="UTF-8"?>
<!-- Generated by org.testng.reporters.JUnitXMLReporter -->
<testsuite hostname="DESKTOP-A3DICO7" ignored="0" name="Default test" tests="6" failures="0" timestamp="08 Feb 2019 07:37:25 GMT" time="217.532" errors="0">
  <testcase name="@BeforeClass permission_popup" time="150.931" classname="com.farm.qa.base.TestBase">
    <failure type="org.openqa.selenium.WebDriverException" message="Appium unexpectedly ended the connection. It may have quit abnormally. (WARNING: The server did not provide any stacktrace information)
Command duration or timeout: 95.86 seconds
Build info: version: &amp;apos;3.3.1&amp;apos;, revision: &amp;apos;5234b325d5&amp;apos;, time: &amp;apos;2017-03-10 09:10:29 +0000&amp;apos;
System info: host: &amp;apos;DESKTOP-A3DICO7&amp;apos;, ip: &amp;apos;169.254.89.74&amp;apos;, os.name: &amp;apos;Windows 10&amp;apos;, os.arch: &amp;apos;amd64&amp;apos;, os.version: &amp;apos;10.0&amp;apos;, java.version: &amp;apos;1.8.0_131&amp;apos;
Driver info: io.appium.java_client.android.AndroidDriver
Capabilities [{suppressKillServer=true, appPackage=com.climate.farmrise, testobject_user_id=sachin11, testobject_platform_name=Android, testobject_test_report_url=https://app.testobject.com/#/sachin11/farmrise/appium/executions/13, testobjectApiKey=001657E41B8F4783B767469399C8F198, testobject_device_name=Samsung Galaxy S6, testobject_device_session_id=a35846ae-5bbb-407f-8ff3-c83373c0c5be, deviceName=0416046a50912602, platform=LINUX, deviceUDID=0416046a50912602, testobject_test_report_id=13, desired={suppressKillServer=true, appPackage=com.climate.farmrise, testobject_platform_name=Android, testobject_test_name=Test on MototDevice, testobjectApiKey=001657E41B8F4783B767469399C8F198, testobject_device=Samsung Galaxy S6, adbPort=15017, deviceName=Samsung_Galaxy_S6_sjc_free, appActivity=com.climate.farmrise.SplashScreen, chromedriverChromeMappingFile=/root/.testobject_devices/work/chromedriver-mapping.json, name=Test on MototDevice, testobject_api_key=001657E41B8F4783B767469399C8F198, platformName=Android, chromedriverExecutableDir=/root/.testobject_devices/work/chromedrivers, newCammandTimeout=150, systemPort=8217}, platformVersion=7.0, webStorageEnabled=false, takesScreenshot=true, javascriptEnabled=true, platformName=Android, deviceManufacturer=samsung, chromedriverExecutableDir=/root/.testobject_devices/work/chromedrivers, newCammandTimeout=150, systemPort=8217, deviceScreenSize=1440x2560, deviceContextId=410510e6-25e4-46ff-935c-94f3674b031c, networkConnectionEnabled=true, testobject_test_name=Test on MototDevice, warnings={}, testobject_device=Samsung_Galaxy_S6_sjc_free, databaseEnabled=false, adbPort=15017, testobject_project_id=farmrise, appActivity=com.climate.farmrise.SplashScreen, testobject_test_report_api_url=https://app.testobject.com/api/rest/v2/reports/13, chromedriverChromeMappingFile=/root/.testobject_devices/work/chromedriver-mapping.json, locationContextEnabled=false, name=Test on MototDevice, testobject_api_key=001657E41B8F4783B767469399C8F198, deviceModel=SM-G920I, testobject_test_live_view_url=https://app.testobject.com/#/sachin11/farmrise/appium/view/13?dc=US}]
Session ID: 80585c16-53a3-4706-a018-e5744927a637
*** Element info: {Using=xpath, value=//android.widget.TextView[@text=&amp;apos;English&amp;apos;]}">
      <![CDATA[org.openqa.selenium.WebDriverException: Appium unexpectedly ended the connection. It may have quit abnormally. (WARNING: The server did not provide any stacktrace information)
Command duration or timeout: 95.86 seconds
Build info: version: '3.3.1', revision: '5234b325d5', time: '2017-03-10 09:10:29 +0000'
System info: host: 'DESKTOP-A3DICO7', ip: '169.254.89.74', os.name: 'Windows 10', os.arch: 'amd64', os.version: '10.0', java.version: '1.8.0_131'
Driver info: io.appium.java_client.android.AndroidDriver
Capabilities [{suppressKillServer=true, appPackage=com.climate.farmrise, testobject_user_id=sachin11, testobject_platform_name=Android, testobject_test_report_url=https://app.testobject.com/#/sachin11/farmrise/appium/executions/13, testobjectApiKey=001657E41B8F4783B767469399C8F198, testobject_device_name=Samsung Galaxy S6, testobject_device_session_id=a35846ae-5bbb-407f-8ff3-c83373c0c5be, deviceName=0416046a50912602, platform=LINUX, deviceUDID=0416046a50912602, testobject_test_report_id=13, desired={suppressKillServer=true, appPackage=com.climate.farmrise, testobject_platform_name=Android, testobject_test_name=Test on MototDevice, testobjectApiKey=001657E41B8F4783B767469399C8F198, testobject_device=Samsung Galaxy S6, adbPort=15017, deviceName=Samsung_Galaxy_S6_sjc_free, appActivity=com.climate.farmrise.SplashScreen, chromedriverChromeMappingFile=/root/.testobject_devices/work/chromedriver-mapping.json, name=Test on MototDevice, testobject_api_key=001657E41B8F4783B767469399C8F198, platformName=Android, chromedriverExecutableDir=/root/.testobject_devices/work/chromedrivers, newCammandTimeout=150, systemPort=8217}, platformVersion=7.0, webStorageEnabled=false, takesScreenshot=true, javascriptEnabled=true, platformName=Android, deviceManufacturer=samsung, chromedriverExecutableDir=/root/.testobject_devices/work/chromedrivers, newCammandTimeout=150, systemPort=8217, deviceScreenSize=1440x2560, deviceContextId=410510e6-25e4-46ff-935c-94f3674b031c, networkConnectionEnabled=true, testobject_test_name=Test on MototDevice, warnings={}, testobject_device=Samsung_Galaxy_S6_sjc_free, databaseEnabled=false, adbPort=15017, testobject_project_id=farmrise, appActivity=com.climate.farmrise.SplashScreen, testobject_test_report_api_url=https://app.testobject.com/api/rest/v2/reports/13, chromedriverChromeMappingFile=/root/.testobject_devices/work/chromedriver-mapping.json, locationContextEnabled=false, name=Test on MototDevice, testobject_api_key=001657E41B8F4783B767469399C8F198, deviceModel=SM-G920I, testobject_test_live_view_url=https://app.testobject.com/#/sachin11/farmrise/appium/view/13?dc=US}]
Session ID: 80585c16-53a3-4706-a018-e5744927a637
*** Element info: {Using=xpath, value=//android.widget.TextView[@text='English']}
at sun.reflect.NativeConstructorAccessorImpl.newInstance0(Native Method)
at sun.reflect.NativeConstructorAccessorImpl.newInstance(Unknown Source)
at sun.reflect.DelegatingConstructorAccessorImpl.newInstance(Unknown Source)
at java.lang.reflect.Constructor.newInstance(Unknown Source)
at org.openqa.selenium.remote.ErrorHandler.createThrowable(ErrorHandler.java:216)
at org.openqa.selenium.remote.ErrorHandler.throwIfResponseFailed(ErrorHandler.java:168)
at org.openqa.selenium.remote.RemoteWebDriver.execute(RemoteWebDriver.java:638)
at io.appium.java_client.DefaultGenericMobileDriver.execute(DefaultGenericMobileDriver.java:42)
at io.appium.java_client.AppiumDriver.execute(AppiumDriver.java:1)
at io.appium.java_client.android.AndroidDriver.execute(AndroidDriver.java:1)
at org.openqa.selenium.remote.RemoteWebDriver.findElement(RemoteWebDriver.java:371)
at io.appium.java_client.DefaultGenericMobileDriver.findElement(DefaultGenericMobileDriver.java:62)
at io.appium.java_client.AppiumDriver.findElement(AppiumDriver.java:1)
at io.appium.java_client.android.AndroidDriver.findElement(AndroidDriver.java:1)
at org.openqa.selenium.remote.RemoteWebDriver.findElementByXPath(RemoteWebDriver.java:476)
at io.appium.java_client.DefaultGenericMobileDriver.findElementByXPath(DefaultGenericMobileDriver.java:140)
at io.appium.java_client.AppiumDriver.findElementByXPath(AppiumDriver.java:1)
at io.appium.java_client.android.AndroidDriver.findElementByXPath(AndroidDriver.java:1)
at org.openqa.selenium.By$ByXPath.findElement(By.java:361)
at org.openqa.selenium.remote.RemoteWebDriver.findElement(RemoteWebDriver.java:363)
at io.appium.java_client.DefaultGenericMobileDriver.findElement(DefaultGenericMobileDriver.java:58)
at io.appium.java_client.AppiumDriver.findElement(AppiumDriver.java:1)
at io.appium.java_client.android.AndroidDriver.findElement(AndroidDriver.java:1)
at com.farm.qa.base.TestBase.permission_popup(TestBase.java:83)
at sun.reflect.NativeMethodAccessorImpl.invoke0(Native Method)
at sun.reflect.NativeMethodAccessorImpl.invoke(Unknown Source)
at sun.reflect.DelegatingMethodAccessorImpl.invoke(Unknown Source)
at java.lang.reflect.Method.invoke(Unknown Source)
at org.testng.internal.MethodInvocationHelper.invokeMethod(MethodInvocationHelper.java:124)
at org.testng.internal.MethodInvocationHelper.invokeMethodConsideringTimeout(MethodInvocationHelper.java:59)
at org.testng.internal.Invoker.invokeConfigurationMethod(Invoker.java:455)
at org.testng.internal.Invoker.invokeConfigurations(Invoker.java:222)
at org.testng.internal.Invoker.invokeConfigurations(Invoker.java:142)
at org.testng.internal.TestMethodWorker.invokeBeforeClassMethods(TestMethodWorker.java:168)
at org.testng.internal.TestMethodWorker.run(TestMethodWorker.java:105)
at org.testng.TestRunner.privateRun(TestRunner.java:648)
at org.testng.TestRunner.run(TestRunner.java:505)
at org.testng.SuiteRunner.runTest(SuiteRunner.java:455)
at org.testng.SuiteRunner.runSequentially(SuiteRunner.java:450)
at org.testng.SuiteRunner.privateRun(SuiteRunner.java:415)
at org.testng.SuiteRunner.run(SuiteRunner.java:364)
at org.testng.SuiteRunnerWorker.runSuite(SuiteRunnerWorker.java:52)
at org.testng.SuiteRunnerWorker.run(SuiteRunnerWorker.java:84)
at org.testng.TestNG.runSuitesSequentially(TestNG.java:1208)
at org.testng.TestNG.runSuitesLocally(TestNG.java:1137)
at org.testng.TestNG.runSuites(TestNG.java:1049)
at org.testng.TestNG.run(TestNG.java:1017)
at org.testng.remote.AbstractRemoteTestNG.run(AbstractRemoteTestNG.java:114)
at org.testng.remote.RemoteTestNG.initAndRun(RemoteTestNG.java:251)
at org.testng.remote.RemoteTestNG.main(RemoteTestNG.java:77)
]]>
    </failure>
  </testcase> <!-- @BeforeClass permission_popup -->
  <testcase name="@AfterTest tearDown" time="0.0" classname="com.farm.qa.base.TestBase">
    <skipped/>
  </testcase> <!-- @AfterTest tearDown -->
  <testcase name="access_Weather_Details" time="0.0" classname="com.farm.qa.testcases.FarmAppTest">
    <skipped/>
  </testcase> <!-- access_Weather_Details -->
  <testcase name="goverment_Scheme" time="0.0" classname="com.farm.qa.testcases.FarmAppTest">
    <skipped/>
  </testcase> <!-- goverment_Scheme -->
  <testcase name="chat_test" time="0.0" classname="com.farm.qa.testcases.FarmAppTest">
    <skipped/>
  </testcase> <!-- chat_test -->
  <testcase name="test_all_tabs" time="0.0" classname="com.farm.qa.testcases.FarmAppTest">
    <skipped/>
  </testcase> <!-- test_all_tabs -->
  <testcase name="settings_tab" time="0.0" classname="com.farm.qa.testcases.FarmAppTest">
    <skipped/>
  </testcase> <!-- settings_tab -->
  <testcase name="agronomy_test" time="0.0" classname="com.farm.qa.testcases.FarmAppTest">
    <skipped/>
  </testcase> <!-- agronomy_test -->
</testsuite> <!-- Default test -->
