<?xml version="1.0" encoding="UTF-8"?>
<testng-results skipped="6" failed="0" ignored="0" total="6" passed="0">
  <reporter-output>
  </reporter-output>
  <suite name="Default suite" duration-ms="217532" started-at="2019-02-08T07:33:44Z" finished-at="2019-02-08T07:37:22Z">
    <groups>
    </groups>
    <test name="Default test" duration-ms="217532" started-at="2019-02-08T07:33:44Z" finished-at="2019-02-08T07:37:22Z">
      <class name="com.farm.qa.testcases.FarmAppTest">
        <test-method status="PASS" signature="app_Launch()[pri:0, instance:com.farm.qa.testcases.FarmAppTest@c81cdd1]" name="app_Launch" is-config="true" duration-ms="66303" started-at="2019-02-08T07:33:44Z" finished-at="2019-02-08T07:34:51Z">
          <reporter-output>
          </reporter-output>
        </test-method> <!-- app_Launch -->
        <test-method status="FAIL" signature="permission_popup()[pri:0, instance:com.farm.qa.testcases.FarmAppTest@c81cdd1]" name="permission_popup" is-config="true" duration-ms="150931" started-at="2019-02-08T07:34:51Z" finished-at="2019-02-08T07:37:22Z">
          <exception class="org.openqa.selenium.WebDriverException">
            <message>
              <![CDATA[Appium unexpectedly ended the connection. It may have quit abnormally. (WARNING: The server did not provide any stacktrace information)
Command duration or timeout: 95.86 seconds
Build info: version: '3.3.1', revision: '5234b325d5', time: '2017-03-10 09:10:29 +0000'
System info: host: 'DESKTOP-A3DICO7', ip: '169.254.89.74', os.name: 'Windows 10', os.arch: 'amd64', os.version: '10.0', java.version: '1.8.0_131'
Driver info: io.appium.java_client.android.AndroidDriver
Capabilities [{suppressKillServer=true, appPackage=com.climate.farmrise, testobject_user_id=sachin11, testobject_platform_name=Android, testobject_test_report_url=https://app.testobject.com/#/sachin11/farmrise/appium/executions/13, testobjectApiKey=001657E41B8F4783B767469399C8F198, testobject_device_name=Samsung Galaxy S6, testobject_device_session_id=a35846ae-5bbb-407f-8ff3-c83373c0c5be, deviceName=0416046a50912602, platform=LINUX, deviceUDID=0416046a50912602, testobject_test_report_id=13, desired={suppressKillServer=true, appPackage=com.climate.farmrise, testobject_platform_name=Android, testobject_test_name=Test on MototDevice, testobjectApiKey=001657E41B8F4783B767469399C8F198, testobject_device=Samsung Galaxy S6, adbPort=15017, deviceName=Samsung_Galaxy_S6_sjc_free, appActivity=com.climate.farmrise.SplashScreen, chromedriverChromeMappingFile=/root/.testobject_devices/work/chromedriver-mapping.json, name=Test on MototDevice, testobject_api_key=001657E41B8F4783B767469399C8F198, platformName=Android, chromedriverExecutableDir=/root/.testobject_devices/work/chromedrivers, newCammandTimeout=150, systemPort=8217}, platformVersion=7.0, webStorageEnabled=false, takesScreenshot=true, javascriptEnabled=true, platformName=Android, deviceManufacturer=samsung, chromedriverExecutableDir=/root/.testobject_devices/work/chromedrivers, newCammandTimeout=150, systemPort=8217, deviceScreenSize=1440x2560, deviceContextId=410510e6-25e4-46ff-935c-94f3674b031c, networkConnectionEnabled=true, testobject_test_name=Test on MototDevice, warnings={}, testobject_device=Samsung_Galaxy_S6_sjc_free, databaseEnabled=false, adbPort=15017, testobject_project_id=farmrise, appActivity=com.climate.farmrise.SplashScreen, testobject_test_report_api_url=https://app.testobject.com/api/rest/v2/reports/13, chromedriverChromeMappingFile=/root/.testobject_devices/work/chromedriver-mapping.json, locationContextEnabled=false, name=Test on MototDevice, testobject_api_key=001657E41B8F4783B767469399C8F198, deviceModel=SM-G920I, testobject_test_live_view_url=https://app.testobject.com/#/sachin11/farmrise/appium/view/13?dc=US}]
Session ID: 80585c16-53a3-4706-a018-e5744927a637
*** Element info: {Using=xpath, value=//android.widget.TextView[@text='English']}]]>
            </message>
            <full-stacktrace>
              <![CDATA[org.openqa.selenium.WebDriverException: Appium unexpectedly ended the connection. It may have quit abnormally. (WARNING: The server did not provide any stacktrace information)
Command duration or timeout: 95.86 seconds
Build info: version: '3.3.1', revision: '5234b325d5', time: '2017-03-10 09:10:29 +0000'
System info: host: 'DESKTOP-A3DICO7', ip: '169.254.89.74', os.name: 'Windows 10', os.arch: 'amd64', os.version: '10.0', java.version: '1.8.0_131'
Driver info: io.appium.java_client.android.AndroidDriver
Capabilities [{suppressKillServer=true, appPackage=com.climate.farmrise, testobject_user_id=sachin11, testobject_platform_name=Android, testobject_test_report_url=https://app.testobject.com/#/sachin11/farmrise/appium/executions/13, testobjectApiKey=001657E41B8F4783B767469399C8F198, testobject_device_name=Samsung Galaxy S6, testobject_device_session_id=a35846ae-5bbb-407f-8ff3-c83373c0c5be, deviceName=0416046a50912602, platform=LINUX, deviceUDID=0416046a50912602, testobject_test_report_id=13, desired={suppressKillServer=true, appPackage=com.climate.farmrise, testobject_platform_name=Android, testobject_test_name=Test on MototDevice, testobjectApiKey=001657E41B8F4783B767469399C8F198, testobject_device=Samsung Galaxy S6, adbPort=15017, deviceName=Samsung_Galaxy_S6_sjc_free, appActivity=com.climate.farmrise.SplashScreen, chromedriverChromeMappingFile=/root/.testobject_devices/work/chromedriver-mapping.json, name=Test on MototDevice, testobject_api_key=001657E41B8F4783B767469399C8F198, platformName=Android, chromedriverExecutableDir=/root/.testobject_devices/work/chromedrivers, newCammandTimeout=150, systemPort=8217}, platformVersion=7.0, webStorageEnabled=false, takesScreenshot=true, javascriptEnabled=true, platformName=Android, deviceManufacturer=samsung, chromedriverExecutableDir=/root/.testobject_devices/work/chromedrivers, newCammandTimeout=150, systemPort=8217, deviceScreenSize=1440x2560, deviceContextId=410510e6-25e4-46ff-935c-94f3674b031c, networkConnectionEnabled=true, testobject_test_name=Test on MototDevice, warnings={}, testobject_device=Samsung_Galaxy_S6_sjc_free, databaseEnabled=false, adbPort=15017, testobject_project_id=farmrise, appActivity=com.climate.farmrise.SplashScreen, testobject_test_report_api_url=https://app.testobject.com/api/rest/v2/reports/13, chromedriverChromeMappingFile=/root/.testobject_devices/work/chromedriver-mapping.json, locationContextEnabled=false, name=Test on MototDevice, testobject_api_key=001657E41B8F4783B767469399C8F198, deviceModel=SM-G920I, testobject_test_live_view_url=https://app.testobject.com/#/sachin11/farmrise/appium/view/13?dc=US}]
Session ID: 80585c16-53a3-4706-a018-e5744927a637
*** Element info: {Using=xpath, value=//android.widget.TextView[@text='English']}
at sun.reflect.NativeConstructorAccessorImpl.newInstance0(Native Method)
at sun.reflect.NativeConstructorAccessorImpl.newInstance(Unknown Source)
at sun.reflect.DelegatingConstructorAccessorImpl.newInstance(Unknown Source)
at java.lang.reflect.Constructor.newInstance(Unknown Source)
at org.openqa.selenium.remote.ErrorHandler.createThrowable(ErrorHandler.java:216)
at org.openqa.selenium.remote.ErrorHandler.throwIfResponseFailed(ErrorHandler.java:168)
at org.openqa.selenium.remote.RemoteWebDriver.execute(RemoteWebDriver.java:638)
at io.appium.java_client.DefaultGenericMobileDriver.execute(DefaultGenericMobileDriver.java:42)
at io.appium.java_client.AppiumDriver.execute(AppiumDriver.java:1)
at io.appium.java_client.android.AndroidDriver.execute(AndroidDriver.java:1)
at org.openqa.selenium.remote.RemoteWebDriver.findElement(RemoteWebDriver.java:371)
at io.appium.java_client.DefaultGenericMobileDriver.findElement(DefaultGenericMobileDriver.java:62)
at io.appium.java_client.AppiumDriver.findElement(AppiumDriver.java:1)
at io.appium.java_client.android.AndroidDriver.findElement(AndroidDriver.java:1)
at org.openqa.selenium.remote.RemoteWebDriver.findElementByXPath(RemoteWebDriver.java:476)
at io.appium.java_client.DefaultGenericMobileDriver.findElementByXPath(DefaultGenericMobileDriver.java:140)
at io.appium.java_client.AppiumDriver.findElementByXPath(AppiumDriver.java:1)
at io.appium.java_client.android.AndroidDriver.findElementByXPath(AndroidDriver.java:1)
at org.openqa.selenium.By$ByXPath.findElement(By.java:361)
at org.openqa.selenium.remote.RemoteWebDriver.findElement(RemoteWebDriver.java:363)
at io.appium.java_client.DefaultGenericMobileDriver.findElement(DefaultGenericMobileDriver.java:58)
at io.appium.java_client.AppiumDriver.findElement(AppiumDriver.java:1)
at io.appium.java_client.android.AndroidDriver.findElement(AndroidDriver.java:1)
at com.farm.qa.base.TestBase.permission_popup(TestBase.java:83)
at sun.reflect.NativeMethodAccessorImpl.invoke0(Native Method)
at sun.reflect.NativeMethodAccessorImpl.invoke(Unknown Source)
at sun.reflect.DelegatingMethodAccessorImpl.invoke(Unknown Source)
at java.lang.reflect.Method.invoke(Unknown Source)
at org.testng.internal.MethodInvocationHelper.invokeMethod(MethodInvocationHelper.java:124)
at org.testng.internal.MethodInvocationHelper.invokeMethodConsideringTimeout(MethodInvocationHelper.java:59)
at org.testng.internal.Invoker.invokeConfigurationMethod(Invoker.java:455)
at org.testng.internal.Invoker.invokeConfigurations(Invoker.java:222)
at org.testng.internal.Invoker.invokeConfigurations(Invoker.java:142)
at org.testng.internal.TestMethodWorker.invokeBeforeClassMethods(TestMethodWorker.java:168)
at org.testng.internal.TestMethodWorker.run(TestMethodWorker.java:105)
at org.testng.TestRunner.privateRun(TestRunner.java:648)
at org.testng.TestRunner.run(TestRunner.java:505)
at org.testng.SuiteRunner.runTest(SuiteRunner.java:455)
at org.testng.SuiteRunner.runSequentially(SuiteRunner.java:450)
at org.testng.SuiteRunner.privateRun(SuiteRunner.java:415)
at org.testng.SuiteRunner.run(SuiteRunner.java:364)
at org.testng.SuiteRunnerWorker.runSuite(SuiteRunnerWorker.java:52)
at org.testng.SuiteRunnerWorker.run(SuiteRunnerWorker.java:84)
at org.testng.TestNG.runSuitesSequentially(TestNG.java:1208)
at org.testng.TestNG.runSuitesLocally(TestNG.java:1137)
at org.testng.TestNG.runSuites(TestNG.java:1049)
at org.testng.TestNG.run(TestNG.java:1017)
at org.testng.remote.AbstractRemoteTestNG.run(AbstractRemoteTestNG.java:114)
at org.testng.remote.RemoteTestNG.initAndRun(RemoteTestNG.java:251)
at org.testng.remote.RemoteTestNG.main(RemoteTestNG.java:77)
]]>
            </full-stacktrace>
          </exception> <!-- org.openqa.selenium.WebDriverException -->
          <reporter-output>
          </reporter-output>
        </test-method> <!-- permission_popup -->
        <test-method status="SKIP" signature="access_Weather_Details()[pri:0, instance:com.farm.qa.testcases.FarmAppTest@c81cdd1]" name="access_Weather_Details" duration-ms="0" started-at="2019-02-08T07:37:22Z" finished-at="2019-02-08T07:37:22Z">
          <exception class="org.openqa.selenium.WebDriverException">
            <message>
              <![CDATA[Appium unexpectedly ended the connection. It may have quit abnormally. (WARNING: The server did not provide any stacktrace information)
Command duration or timeout: 95.86 seconds
Build info: version: '3.3.1', revision: '5234b325d5', time: '2017-03-10 09:10:29 +0000'
System info: host: 'DESKTOP-A3DICO7', ip: '169.254.89.74', os.name: 'Windows 10', os.arch: 'amd64', os.version: '10.0', java.version: '1.8.0_131'
Driver info: io.appium.java_client.android.AndroidDriver
Capabilities [{suppressKillServer=true, appPackage=com.climate.farmrise, testobject_user_id=sachin11, testobject_platform_name=Android, testobject_test_report_url=https://app.testobject.com/#/sachin11/farmrise/appium/executions/13, testobjectApiKey=001657E41B8F4783B767469399C8F198, testobject_device_name=Samsung Galaxy S6, testobject_device_session_id=a35846ae-5bbb-407f-8ff3-c83373c0c5be, deviceName=0416046a50912602, platform=LINUX, deviceUDID=0416046a50912602, testobject_test_report_id=13, desired={suppressKillServer=true, appPackage=com.climate.farmrise, testobject_platform_name=Android, testobject_test_name=Test on MototDevice, testobjectApiKey=001657E41B8F4783B767469399C8F198, testobject_device=Samsung Galaxy S6, adbPort=15017, deviceName=Samsung_Galaxy_S6_sjc_free, appActivity=com.climate.farmrise.SplashScreen, chromedriverChromeMappingFile=/root/.testobject_devices/work/chromedriver-mapping.json, name=Test on MototDevice, testobject_api_key=001657E41B8F4783B767469399C8F198, platformName=Android, chromedriverExecutableDir=/root/.testobject_devices/work/chromedrivers, newCammandTimeout=150, systemPort=8217}, platformVersion=7.0, webStorageEnabled=false, takesScreenshot=true, javascriptEnabled=true, platformName=Android, deviceManufacturer=samsung, chromedriverExecutableDir=/root/.testobject_devices/work/chromedrivers, newCammandTimeout=150, systemPort=8217, deviceScreenSize=1440x2560, deviceContextId=410510e6-25e4-46ff-935c-94f3674b031c, networkConnectionEnabled=true, testobject_test_name=Test on MototDevice, warnings={}, testobject_device=Samsung_Galaxy_S6_sjc_free, databaseEnabled=false, adbPort=15017, testobject_project_id=farmrise, appActivity=com.climate.farmrise.SplashScreen, testobject_test_report_api_url=https://app.testobject.com/api/rest/v2/reports/13, chromedriverChromeMappingFile=/root/.testobject_devices/work/chromedriver-mapping.json, locationContextEnabled=false, name=Test on MototDevice, testobject_api_key=001657E41B8F4783B767469399C8F198, deviceModel=SM-G920I, testobject_test_live_view_url=https://app.testobject.com/#/sachin11/farmrise/appium/view/13?dc=US}]
Session ID: 80585c16-53a3-4706-a018-e5744927a637
*** Element info: {Using=xpath, value=//android.widget.TextView[@text='English']}]]>
            </message>
            <full-stacktrace>
              <![CDATA[org.openqa.selenium.WebDriverException: Appium unexpectedly ended the connection. It may have quit abnormally. (WARNING: The server did not provide any stacktrace information)
Command duration or timeout: 95.86 seconds
Build info: version: '3.3.1', revision: '5234b325d5', time: '2017-03-10 09:10:29 +0000'
System info: host: 'DESKTOP-A3DICO7', ip: '169.254.89.74', os.name: 'Windows 10', os.arch: 'amd64', os.version: '10.0', java.version: '1.8.0_131'
Driver info: io.appium.java_client.android.AndroidDriver
Capabilities [{suppressKillServer=true, appPackage=com.climate.farmrise, testobject_user_id=sachin11, testobject_platform_name=Android, testobject_test_report_url=https://app.testobject.com/#/sachin11/farmrise/appium/executions/13, testobjectApiKey=001657E41B8F4783B767469399C8F198, testobject_device_name=Samsung Galaxy S6, testobject_device_session_id=a35846ae-5bbb-407f-8ff3-c83373c0c5be, deviceName=0416046a50912602, platform=LINUX, deviceUDID=0416046a50912602, testobject_test_report_id=13, desired={suppressKillServer=true, appPackage=com.climate.farmrise, testobject_platform_name=Android, testobject_test_name=Test on MototDevice, testobjectApiKey=001657E41B8F4783B767469399C8F198, testobject_device=Samsung Galaxy S6, adbPort=15017, deviceName=Samsung_Galaxy_S6_sjc_free, appActivity=com.climate.farmrise.SplashScreen, chromedriverChromeMappingFile=/root/.testobject_devices/work/chromedriver-mapping.json, name=Test on MototDevice, testobject_api_key=001657E41B8F4783B767469399C8F198, platformName=Android, chromedriverExecutableDir=/root/.testobject_devices/work/chromedrivers, newCammandTimeout=150, systemPort=8217}, platformVersion=7.0, webStorageEnabled=false, takesScreenshot=true, javascriptEnabled=true, platformName=Android, deviceManufacturer=samsung, chromedriverExecutableDir=/root/.testobject_devices/work/chromedrivers, newCammandTimeout=150, systemPort=8217, deviceScreenSize=1440x2560, deviceContextId=410510e6-25e4-46ff-935c-94f3674b031c, networkConnectionEnabled=true, testobject_test_name=Test on MototDevice, warnings={}, testobject_device=Samsung_Galaxy_S6_sjc_free, databaseEnabled=false, adbPort=15017, testobject_project_id=farmrise, appActivity=com.climate.farmrise.SplashScreen, testobject_test_report_api_url=https://app.testobject.com/api/rest/v2/reports/13, chromedriverChromeMappingFile=/root/.testobject_devices/work/chromedriver-mapping.json, locationContextEnabled=false, name=Test on MototDevice, testobject_api_key=001657E41B8F4783B767469399C8F198, deviceModel=SM-G920I, testobject_test_live_view_url=https://app.testobject.com/#/sachin11/farmrise/appium/view/13?dc=US}]
Session ID: 80585c16-53a3-4706-a018-e5744927a637
*** Element info: {Using=xpath, value=//android.widget.TextView[@text='English']}
at sun.reflect.NativeConstructorAccessorImpl.newInstance0(Native Method)
at sun.reflect.NativeConstructorAccessorImpl.newInstance(Unknown Source)
at sun.reflect.DelegatingConstructorAccessorImpl.newInstance(Unknown Source)
at java.lang.reflect.Constructor.newInstance(Unknown Source)
at org.openqa.selenium.remote.ErrorHandler.createThrowable(ErrorHandler.java:216)
at org.openqa.selenium.remote.ErrorHandler.throwIfResponseFailed(ErrorHandler.java:168)
at org.openqa.selenium.remote.RemoteWebDriver.execute(RemoteWebDriver.java:638)
at io.appium.java_client.DefaultGenericMobileDriver.execute(DefaultGenericMobileDriver.java:42)
at io.appium.java_client.AppiumDriver.execute(AppiumDriver.java:1)
at io.appium.java_client.android.AndroidDriver.execute(AndroidDriver.java:1)
at org.openqa.selenium.remote.RemoteWebDriver.findElement(RemoteWebDriver.java:371)
at io.appium.java_client.DefaultGenericMobileDriver.findElement(DefaultGenericMobileDriver.java:62)
at io.appium.java_client.AppiumDriver.findElement(AppiumDriver.java:1)
at io.appium.java_client.android.AndroidDriver.findElement(AndroidDriver.java:1)
at org.openqa.selenium.remote.RemoteWebDriver.findElementByXPath(RemoteWebDriver.java:476)
at io.appium.java_client.DefaultGenericMobileDriver.findElementByXPath(DefaultGenericMobileDriver.java:140)
at io.appium.java_client.AppiumDriver.findElementByXPath(AppiumDriver.java:1)
at io.appium.java_client.android.AndroidDriver.findElementByXPath(AndroidDriver.java:1)
at org.openqa.selenium.By$ByXPath.findElement(By.java:361)
at org.openqa.selenium.remote.RemoteWebDriver.findElement(RemoteWebDriver.java:363)
at io.appium.java_client.DefaultGenericMobileDriver.findElement(DefaultGenericMobileDriver.java:58)
at io.appium.java_client.AppiumDriver.findElement(AppiumDriver.java:1)
at io.appium.java_client.android.AndroidDriver.findElement(AndroidDriver.java:1)
at com.farm.qa.base.TestBase.permission_popup(TestBase.java:83)
at sun.reflect.NativeMethodAccessorImpl.invoke0(Native Method)
at sun.reflect.NativeMethodAccessorImpl.invoke(Unknown Source)
at sun.reflect.DelegatingMethodAccessorImpl.invoke(Unknown Source)
at java.lang.reflect.Method.invoke(Unknown Source)
at org.testng.internal.MethodInvocationHelper.invokeMethod(MethodInvocationHelper.java:124)
at org.testng.internal.MethodInvocationHelper.invokeMethodConsideringTimeout(MethodInvocationHelper.java:59)
at org.testng.internal.Invoker.invokeConfigurationMethod(Invoker.java:455)
at org.testng.internal.Invoker.invokeConfigurations(Invoker.java:222)
at org.testng.internal.Invoker.invokeConfigurations(Invoker.java:142)
at org.testng.internal.TestMethodWorker.invokeBeforeClassMethods(TestMethodWorker.java:168)
at org.testng.internal.TestMethodWorker.run(TestMethodWorker.java:105)
at org.testng.TestRunner.privateRun(TestRunner.java:648)
at org.testng.TestRunner.run(TestRunner.java:505)
at org.testng.SuiteRunner.runTest(SuiteRunner.java:455)
at org.testng.SuiteRunner.runSequentially(SuiteRunner.java:450)
at org.testng.SuiteRunner.privateRun(SuiteRunner.java:415)
at org.testng.SuiteRunner.run(SuiteRunner.java:364)
at org.testng.SuiteRunnerWorker.runSuite(SuiteRunnerWorker.java:52)
at org.testng.SuiteRunnerWorker.run(SuiteRunnerWorker.java:84)
at org.testng.TestNG.runSuitesSequentially(TestNG.java:1208)
at org.testng.TestNG.runSuitesLocally(TestNG.java:1137)
at org.testng.TestNG.runSuites(TestNG.java:1049)
at org.testng.TestNG.run(TestNG.java:1017)
at org.testng.remote.AbstractRemoteTestNG.run(AbstractRemoteTestNG.java:114)
at org.testng.remote.RemoteTestNG.initAndRun(RemoteTestNG.java:251)
at org.testng.remote.RemoteTestNG.main(RemoteTestNG.java:77)
]]>
            </full-stacktrace>
          </exception> <!-- org.openqa.selenium.WebDriverException -->
          <reporter-output>
          </reporter-output>
        </test-method> <!-- access_Weather_Details -->
        <test-method status="SKIP" signature="goverment_Scheme()[pri:1, instance:com.farm.qa.testcases.FarmAppTest@c81cdd1]" name="goverment_Scheme" duration-ms="0" started-at="2019-02-08T07:37:22Z" finished-at="2019-02-08T07:37:22Z">
          <exception class="org.openqa.selenium.WebDriverException">
            <message>
              <![CDATA[Appium unexpectedly ended the connection. It may have quit abnormally. (WARNING: The server did not provide any stacktrace information)
Command duration or timeout: 95.86 seconds
Build info: version: '3.3.1', revision: '5234b325d5', time: '2017-03-10 09:10:29 +0000'
System info: host: 'DESKTOP-A3DICO7', ip: '169.254.89.74', os.name: 'Windows 10', os.arch: 'amd64', os.version: '10.0', java.version: '1.8.0_131'
Driver info: io.appium.java_client.android.AndroidDriver
Capabilities [{suppressKillServer=true, appPackage=com.climate.farmrise, testobject_user_id=sachin11, testobject_platform_name=Android, testobject_test_report_url=https://app.testobject.com/#/sachin11/farmrise/appium/executions/13, testobjectApiKey=001657E41B8F4783B767469399C8F198, testobject_device_name=Samsung Galaxy S6, testobject_device_session_id=a35846ae-5bbb-407f-8ff3-c83373c0c5be, deviceName=0416046a50912602, platform=LINUX, deviceUDID=0416046a50912602, testobject_test_report_id=13, desired={suppressKillServer=true, appPackage=com.climate.farmrise, testobject_platform_name=Android, testobject_test_name=Test on MototDevice, testobjectApiKey=001657E41B8F4783B767469399C8F198, testobject_device=Samsung Galaxy S6, adbPort=15017, deviceName=Samsung_Galaxy_S6_sjc_free, appActivity=com.climate.farmrise.SplashScreen, chromedriverChromeMappingFile=/root/.testobject_devices/work/chromedriver-mapping.json, name=Test on MototDevice, testobject_api_key=001657E41B8F4783B767469399C8F198, platformName=Android, chromedriverExecutableDir=/root/.testobject_devices/work/chromedrivers, newCammandTimeout=150, systemPort=8217}, platformVersion=7.0, webStorageEnabled=false, takesScreenshot=true, javascriptEnabled=true, platformName=Android, deviceManufacturer=samsung, chromedriverExecutableDir=/root/.testobject_devices/work/chromedrivers, newCammandTimeout=150, systemPort=8217, deviceScreenSize=1440x2560, deviceContextId=410510e6-25e4-46ff-935c-94f3674b031c, networkConnectionEnabled=true, testobject_test_name=Test on MototDevice, warnings={}, testobject_device=Samsung_Galaxy_S6_sjc_free, databaseEnabled=false, adbPort=15017, testobject_project_id=farmrise, appActivity=com.climate.farmrise.SplashScreen, testobject_test_report_api_url=https://app.testobject.com/api/rest/v2/reports/13, chromedriverChromeMappingFile=/root/.testobject_devices/work/chromedriver-mapping.json, locationContextEnabled=false, name=Test on MototDevice, testobject_api_key=001657E41B8F4783B767469399C8F198, deviceModel=SM-G920I, testobject_test_live_view_url=https://app.testobject.com/#/sachin11/farmrise/appium/view/13?dc=US}]
Session ID: 80585c16-53a3-4706-a018-e5744927a637
*** Element info: {Using=xpath, value=//android.widget.TextView[@text='English']}]]>
            </message>
            <full-stacktrace>
              <![CDATA[org.openqa.selenium.WebDriverException: Appium unexpectedly ended the connection. It may have quit abnormally. (WARNING: The server did not provide any stacktrace information)
Command duration or timeout: 95.86 seconds
Build info: version: '3.3.1', revision: '5234b325d5', time: '2017-03-10 09:10:29 +0000'
System info: host: 'DESKTOP-A3DICO7', ip: '169.254.89.74', os.name: 'Windows 10', os.arch: 'amd64', os.version: '10.0', java.version: '1.8.0_131'
Driver info: io.appium.java_client.android.AndroidDriver
Capabilities [{suppressKillServer=true, appPackage=com.climate.farmrise, testobject_user_id=sachin11, testobject_platform_name=Android, testobject_test_report_url=https://app.testobject.com/#/sachin11/farmrise/appium/executions/13, testobjectApiKey=001657E41B8F4783B767469399C8F198, testobject_device_name=Samsung Galaxy S6, testobject_device_session_id=a35846ae-5bbb-407f-8ff3-c83373c0c5be, deviceName=0416046a50912602, platform=LINUX, deviceUDID=0416046a50912602, testobject_test_report_id=13, desired={suppressKillServer=true, appPackage=com.climate.farmrise, testobject_platform_name=Android, testobject_test_name=Test on MototDevice, testobjectApiKey=001657E41B8F4783B767469399C8F198, testobject_device=Samsung Galaxy S6, adbPort=15017, deviceName=Samsung_Galaxy_S6_sjc_free, appActivity=com.climate.farmrise.SplashScreen, chromedriverChromeMappingFile=/root/.testobject_devices/work/chromedriver-mapping.json, name=Test on MototDevice, testobject_api_key=001657E41B8F4783B767469399C8F198, platformName=Android, chromedriverExecutableDir=/root/.testobject_devices/work/chromedrivers, newCammandTimeout=150, systemPort=8217}, platformVersion=7.0, webStorageEnabled=false, takesScreenshot=true, javascriptEnabled=true, platformName=Android, deviceManufacturer=samsung, chromedriverExecutableDir=/root/.testobject_devices/work/chromedrivers, newCammandTimeout=150, systemPort=8217, deviceScreenSize=1440x2560, deviceContextId=410510e6-25e4-46ff-935c-94f3674b031c, networkConnectionEnabled=true, testobject_test_name=Test on MototDevice, warnings={}, testobject_device=Samsung_Galaxy_S6_sjc_free, databaseEnabled=false, adbPort=15017, testobject_project_id=farmrise, appActivity=com.climate.farmrise.SplashScreen, testobject_test_report_api_url=https://app.testobject.com/api/rest/v2/reports/13, chromedriverChromeMappingFile=/root/.testobject_devices/work/chromedriver-mapping.json, locationContextEnabled=false, name=Test on MototDevice, testobject_api_key=001657E41B8F4783B767469399C8F198, deviceModel=SM-G920I, testobject_test_live_view_url=https://app.testobject.com/#/sachin11/farmrise/appium/view/13?dc=US}]
Session ID: 80585c16-53a3-4706-a018-e5744927a637
*** Element info: {Using=xpath, value=//android.widget.TextView[@text='English']}
at sun.reflect.NativeConstructorAccessorImpl.newInstance0(Native Method)
at sun.reflect.NativeConstructorAccessorImpl.newInstance(Unknown Source)
at sun.reflect.DelegatingConstructorAccessorImpl.newInstance(Unknown Source)
at java.lang.reflect.Constructor.newInstance(Unknown Source)
at org.openqa.selenium.remote.ErrorHandler.createThrowable(ErrorHandler.java:216)
at org.openqa.selenium.remote.ErrorHandler.throwIfResponseFailed(ErrorHandler.java:168)
at org.openqa.selenium.remote.RemoteWebDriver.execute(RemoteWebDriver.java:638)
at io.appium.java_client.DefaultGenericMobileDriver.execute(DefaultGenericMobileDriver.java:42)
at io.appium.java_client.AppiumDriver.execute(AppiumDriver.java:1)
at io.appium.java_client.android.AndroidDriver.execute(AndroidDriver.java:1)
at org.openqa.selenium.remote.RemoteWebDriver.findElement(RemoteWebDriver.java:371)
at io.appium.java_client.DefaultGenericMobileDriver.findElement(DefaultGenericMobileDriver.java:62)
at io.appium.java_client.AppiumDriver.findElement(AppiumDriver.java:1)
at io.appium.java_client.android.AndroidDriver.findElement(AndroidDriver.java:1)
at org.openqa.selenium.remote.RemoteWebDriver.findElementByXPath(RemoteWebDriver.java:476)
at io.appium.java_client.DefaultGenericMobileDriver.findElementByXPath(DefaultGenericMobileDriver.java:140)
at io.appium.java_client.AppiumDriver.findElementByXPath(AppiumDriver.java:1)
at io.appium.java_client.android.AndroidDriver.findElementByXPath(AndroidDriver.java:1)
at org.openqa.selenium.By$ByXPath.findElement(By.java:361)
at org.openqa.selenium.remote.RemoteWebDriver.findElement(RemoteWebDriver.java:363)
at io.appium.java_client.DefaultGenericMobileDriver.findElement(DefaultGenericMobileDriver.java:58)
at io.appium.java_client.AppiumDriver.findElement(AppiumDriver.java:1)
at io.appium.java_client.android.AndroidDriver.findElement(AndroidDriver.java:1)
at com.farm.qa.base.TestBase.permission_popup(TestBase.java:83)
at sun.reflect.NativeMethodAccessorImpl.invoke0(Native Method)
at sun.reflect.NativeMethodAccessorImpl.invoke(Unknown Source)
at sun.reflect.DelegatingMethodAccessorImpl.invoke(Unknown Source)
at java.lang.reflect.Method.invoke(Unknown Source)
at org.testng.internal.MethodInvocationHelper.invokeMethod(MethodInvocationHelper.java:124)
at org.testng.internal.MethodInvocationHelper.invokeMethodConsideringTimeout(MethodInvocationHelper.java:59)
at org.testng.internal.Invoker.invokeConfigurationMethod(Invoker.java:455)
at org.testng.internal.Invoker.invokeConfigurations(Invoker.java:222)
at org.testng.internal.Invoker.invokeConfigurations(Invoker.java:142)
at org.testng.internal.TestMethodWorker.invokeBeforeClassMethods(TestMethodWorker.java:168)
at org.testng.internal.TestMethodWorker.run(TestMethodWorker.java:105)
at org.testng.TestRunner.privateRun(TestRunner.java:648)
at org.testng.TestRunner.run(TestRunner.java:505)
at org.testng.SuiteRunner.runTest(SuiteRunner.java:455)
at org.testng.SuiteRunner.runSequentially(SuiteRunner.java:450)
at org.testng.SuiteRunner.privateRun(SuiteRunner.java:415)
at org.testng.SuiteRunner.run(SuiteRunner.java:364)
at org.testng.SuiteRunnerWorker.runSuite(SuiteRunnerWorker.java:52)
at org.testng.SuiteRunnerWorker.run(SuiteRunnerWorker.java:84)
at org.testng.TestNG.runSuitesSequentially(TestNG.java:1208)
at org.testng.TestNG.runSuitesLocally(TestNG.java:1137)
at org.testng.TestNG.runSuites(TestNG.java:1049)
at org.testng.TestNG.run(TestNG.java:1017)
at org.testng.remote.AbstractRemoteTestNG.run(AbstractRemoteTestNG.java:114)
at org.testng.remote.RemoteTestNG.initAndRun(RemoteTestNG.java:251)
at org.testng.remote.RemoteTestNG.main(RemoteTestNG.java:77)
]]>
            </full-stacktrace>
          </exception> <!-- org.openqa.selenium.WebDriverException -->
          <reporter-output>
          </reporter-output>
        </test-method> <!-- goverment_Scheme -->
        <test-method status="SKIP" signature="chat_test()[pri:2, instance:com.farm.qa.testcases.FarmAppTest@c81cdd1]" name="chat_test" duration-ms="0" started-at="2019-02-08T07:37:22Z" finished-at="2019-02-08T07:37:22Z">
          <exception class="org.openqa.selenium.WebDriverException">
            <message>
              <![CDATA[Appium unexpectedly ended the connection. It may have quit abnormally. (WARNING: The server did not provide any stacktrace information)
Command duration or timeout: 95.86 seconds
Build info: version: '3.3.1', revision: '5234b325d5', time: '2017-03-10 09:10:29 +0000'
System info: host: 'DESKTOP-A3DICO7', ip: '169.254.89.74', os.name: 'Windows 10', os.arch: 'amd64', os.version: '10.0', java.version: '1.8.0_131'
Driver info: io.appium.java_client.android.AndroidDriver
Capabilities [{suppressKillServer=true, appPackage=com.climate.farmrise, testobject_user_id=sachin11, testobject_platform_name=Android, testobject_test_report_url=https://app.testobject.com/#/sachin11/farmrise/appium/executions/13, testobjectApiKey=001657E41B8F4783B767469399C8F198, testobject_device_name=Samsung Galaxy S6, testobject_device_session_id=a35846ae-5bbb-407f-8ff3-c83373c0c5be, deviceName=0416046a50912602, platform=LINUX, deviceUDID=0416046a50912602, testobject_test_report_id=13, desired={suppressKillServer=true, appPackage=com.climate.farmrise, testobject_platform_name=Android, testobject_test_name=Test on MototDevice, testobjectApiKey=001657E41B8F4783B767469399C8F198, testobject_device=Samsung Galaxy S6, adbPort=15017, deviceName=Samsung_Galaxy_S6_sjc_free, appActivity=com.climate.farmrise.SplashScreen, chromedriverChromeMappingFile=/root/.testobject_devices/work/chromedriver-mapping.json, name=Test on MototDevice, testobject_api_key=001657E41B8F4783B767469399C8F198, platformName=Android, chromedriverExecutableDir=/root/.testobject_devices/work/chromedrivers, newCammandTimeout=150, systemPort=8217}, platformVersion=7.0, webStorageEnabled=false, takesScreenshot=true, javascriptEnabled=true, platformName=Android, deviceManufacturer=samsung, chromedriverExecutableDir=/root/.testobject_devices/work/chromedrivers, newCammandTimeout=150, systemPort=8217, deviceScreenSize=1440x2560, deviceContextId=410510e6-25e4-46ff-935c-94f3674b031c, networkConnectionEnabled=true, testobject_test_name=Test on MototDevice, warnings={}, testobject_device=Samsung_Galaxy_S6_sjc_free, databaseEnabled=false, adbPort=15017, testobject_project_id=farmrise, appActivity=com.climate.farmrise.SplashScreen, testobject_test_report_api_url=https://app.testobject.com/api/rest/v2/reports/13, chromedriverChromeMappingFile=/root/.testobject_devices/work/chromedriver-mapping.json, locationContextEnabled=false, name=Test on MototDevice, testobject_api_key=001657E41B8F4783B767469399C8F198, deviceModel=SM-G920I, testobject_test_live_view_url=https://app.testobject.com/#/sachin11/farmrise/appium/view/13?dc=US}]
Session ID: 80585c16-53a3-4706-a018-e5744927a637
*** Element info: {Using=xpath, value=//android.widget.TextView[@text='English']}]]>
            </message>
            <full-stacktrace>
              <![CDATA[org.openqa.selenium.WebDriverException: Appium unexpectedly ended the connection. It may have quit abnormally. (WARNING: The server did not provide any stacktrace information)
Command duration or timeout: 95.86 seconds
Build info: version: '3.3.1', revision: '5234b325d5', time: '2017-03-10 09:10:29 +0000'
System info: host: 'DESKTOP-A3DICO7', ip: '169.254.89.74', os.name: 'Windows 10', os.arch: 'amd64', os.version: '10.0', java.version: '1.8.0_131'
Driver info: io.appium.java_client.android.AndroidDriver
Capabilities [{suppressKillServer=true, appPackage=com.climate.farmrise, testobject_user_id=sachin11, testobject_platform_name=Android, testobject_test_report_url=https://app.testobject.com/#/sachin11/farmrise/appium/executions/13, testobjectApiKey=001657E41B8F4783B767469399C8F198, testobject_device_name=Samsung Galaxy S6, testobject_device_session_id=a35846ae-5bbb-407f-8ff3-c83373c0c5be, deviceName=0416046a50912602, platform=LINUX, deviceUDID=0416046a50912602, testobject_test_report_id=13, desired={suppressKillServer=true, appPackage=com.climate.farmrise, testobject_platform_name=Android, testobject_test_name=Test on MototDevice, testobjectApiKey=001657E41B8F4783B767469399C8F198, testobject_device=Samsung Galaxy S6, adbPort=15017, deviceName=Samsung_Galaxy_S6_sjc_free, appActivity=com.climate.farmrise.SplashScreen, chromedriverChromeMappingFile=/root/.testobject_devices/work/chromedriver-mapping.json, name=Test on MototDevice, testobject_api_key=001657E41B8F4783B767469399C8F198, platformName=Android, chromedriverExecutableDir=/root/.testobject_devices/work/chromedrivers, newCammandTimeout=150, systemPort=8217}, platformVersion=7.0, webStorageEnabled=false, takesScreenshot=true, javascriptEnabled=true, platformName=Android, deviceManufacturer=samsung, chromedriverExecutableDir=/root/.testobject_devices/work/chromedrivers, newCammandTimeout=150, systemPort=8217, deviceScreenSize=1440x2560, deviceContextId=410510e6-25e4-46ff-935c-94f3674b031c, networkConnectionEnabled=true, testobject_test_name=Test on MototDevice, warnings={}, testobject_device=Samsung_Galaxy_S6_sjc_free, databaseEnabled=false, adbPort=15017, testobject_project_id=farmrise, appActivity=com.climate.farmrise.SplashScreen, testobject_test_report_api_url=https://app.testobject.com/api/rest/v2/reports/13, chromedriverChromeMappingFile=/root/.testobject_devices/work/chromedriver-mapping.json, locationContextEnabled=false, name=Test on MototDevice, testobject_api_key=001657E41B8F4783B767469399C8F198, deviceModel=SM-G920I, testobject_test_live_view_url=https://app.testobject.com/#/sachin11/farmrise/appium/view/13?dc=US}]
Session ID: 80585c16-53a3-4706-a018-e5744927a637
*** Element info: {Using=xpath, value=//android.widget.TextView[@text='English']}
at sun.reflect.NativeConstructorAccessorImpl.newInstance0(Native Method)
at sun.reflect.NativeConstructorAccessorImpl.newInstance(Unknown Source)
at sun.reflect.DelegatingConstructorAccessorImpl.newInstance(Unknown Source)
at java.lang.reflect.Constructor.newInstance(Unknown Source)
at org.openqa.selenium.remote.ErrorHandler.createThrowable(ErrorHandler.java:216)
at org.openqa.selenium.remote.ErrorHandler.throwIfResponseFailed(ErrorHandler.java:168)
at org.openqa.selenium.remote.RemoteWebDriver.execute(RemoteWebDriver.java:638)
at io.appium.java_client.DefaultGenericMobileDriver.execute(DefaultGenericMobileDriver.java:42)
at io.appium.java_client.AppiumDriver.execute(AppiumDriver.java:1)
at io.appium.java_client.android.AndroidDriver.execute(AndroidDriver.java:1)
at org.openqa.selenium.remote.RemoteWebDriver.findElement(RemoteWebDriver.java:371)
at io.appium.java_client.DefaultGenericMobileDriver.findElement(DefaultGenericMobileDriver.java:62)
at io.appium.java_client.AppiumDriver.findElement(AppiumDriver.java:1)
at io.appium.java_client.android.AndroidDriver.findElement(AndroidDriver.java:1)
at org.openqa.selenium.remote.RemoteWebDriver.findElementByXPath(RemoteWebDriver.java:476)
at io.appium.java_client.DefaultGenericMobileDriver.findElementByXPath(DefaultGenericMobileDriver.java:140)
at io.appium.java_client.AppiumDriver.findElementByXPath(AppiumDriver.java:1)
at io.appium.java_client.android.AndroidDriver.findElementByXPath(AndroidDriver.java:1)
at org.openqa.selenium.By$ByXPath.findElement(By.java:361)
at org.openqa.selenium.remote.RemoteWebDriver.findElement(RemoteWebDriver.java:363)
at io.appium.java_client.DefaultGenericMobileDriver.findElement(DefaultGenericMobileDriver.java:58)
at io.appium.java_client.AppiumDriver.findElement(AppiumDriver.java:1)
at io.appium.java_client.android.AndroidDriver.findElement(AndroidDriver.java:1)
at com.farm.qa.base.TestBase.permission_popup(TestBase.java:83)
at sun.reflect.NativeMethodAccessorImpl.invoke0(Native Method)
at sun.reflect.NativeMethodAccessorImpl.invoke(Unknown Source)
at sun.reflect.DelegatingMethodAccessorImpl.invoke(Unknown Source)
at java.lang.reflect.Method.invoke(Unknown Source)
at org.testng.internal.MethodInvocationHelper.invokeMethod(MethodInvocationHelper.java:124)
at org.testng.internal.MethodInvocationHelper.invokeMethodConsideringTimeout(MethodInvocationHelper.java:59)
at org.testng.internal.Invoker.invokeConfigurationMethod(Invoker.java:455)
at org.testng.internal.Invoker.invokeConfigurations(Invoker.java:222)
at org.testng.internal.Invoker.invokeConfigurations(Invoker.java:142)
at org.testng.internal.TestMethodWorker.invokeBeforeClassMethods(TestMethodWorker.java:168)
at org.testng.internal.TestMethodWorker.run(TestMethodWorker.java:105)
at org.testng.TestRunner.privateRun(TestRunner.java:648)
at org.testng.TestRunner.run(TestRunner.java:505)
at org.testng.SuiteRunner.runTest(SuiteRunner.java:455)
at org.testng.SuiteRunner.runSequentially(SuiteRunner.java:450)
at org.testng.SuiteRunner.privateRun(SuiteRunner.java:415)
at org.testng.SuiteRunner.run(SuiteRunner.java:364)
at org.testng.SuiteRunnerWorker.runSuite(SuiteRunnerWorker.java:52)
at org.testng.SuiteRunnerWorker.run(SuiteRunnerWorker.java:84)
at org.testng.TestNG.runSuitesSequentially(TestNG.java:1208)
at org.testng.TestNG.runSuitesLocally(TestNG.java:1137)
at org.testng.TestNG.runSuites(TestNG.java:1049)
at org.testng.TestNG.run(TestNG.java:1017)
at org.testng.remote.AbstractRemoteTestNG.run(AbstractRemoteTestNG.java:114)
at org.testng.remote.RemoteTestNG.initAndRun(RemoteTestNG.java:251)
at org.testng.remote.RemoteTestNG.main(RemoteTestNG.java:77)
]]>
            </full-stacktrace>
          </exception> <!-- org.openqa.selenium.WebDriverException -->
          <reporter-output>
          </reporter-output>
        </test-method> <!-- chat_test -->
        <test-method status="SKIP" signature="test_all_tabs()[pri:3, instance:com.farm.qa.testcases.FarmAppTest@c81cdd1]" name="test_all_tabs" duration-ms="0" started-at="2019-02-08T07:37:22Z" finished-at="2019-02-08T07:37:22Z">
          <exception class="org.openqa.selenium.WebDriverException">
            <message>
              <![CDATA[Appium unexpectedly ended the connection. It may have quit abnormally. (WARNING: The server did not provide any stacktrace information)
Command duration or timeout: 95.86 seconds
Build info: version: '3.3.1', revision: '5234b325d5', time: '2017-03-10 09:10:29 +0000'
System info: host: 'DESKTOP-A3DICO7', ip: '169.254.89.74', os.name: 'Windows 10', os.arch: 'amd64', os.version: '10.0', java.version: '1.8.0_131'
Driver info: io.appium.java_client.android.AndroidDriver
Capabilities [{suppressKillServer=true, appPackage=com.climate.farmrise, testobject_user_id=sachin11, testobject_platform_name=Android, testobject_test_report_url=https://app.testobject.com/#/sachin11/farmrise/appium/executions/13, testobjectApiKey=001657E41B8F4783B767469399C8F198, testobject_device_name=Samsung Galaxy S6, testobject_device_session_id=a35846ae-5bbb-407f-8ff3-c83373c0c5be, deviceName=0416046a50912602, platform=LINUX, deviceUDID=0416046a50912602, testobject_test_report_id=13, desired={suppressKillServer=true, appPackage=com.climate.farmrise, testobject_platform_name=Android, testobject_test_name=Test on MototDevice, testobjectApiKey=001657E41B8F4783B767469399C8F198, testobject_device=Samsung Galaxy S6, adbPort=15017, deviceName=Samsung_Galaxy_S6_sjc_free, appActivity=com.climate.farmrise.SplashScreen, chromedriverChromeMappingFile=/root/.testobject_devices/work/chromedriver-mapping.json, name=Test on MototDevice, testobject_api_key=001657E41B8F4783B767469399C8F198, platformName=Android, chromedriverExecutableDir=/root/.testobject_devices/work/chromedrivers, newCammandTimeout=150, systemPort=8217}, platformVersion=7.0, webStorageEnabled=false, takesScreenshot=true, javascriptEnabled=true, platformName=Android, deviceManufacturer=samsung, chromedriverExecutableDir=/root/.testobject_devices/work/chromedrivers, newCammandTimeout=150, systemPort=8217, deviceScreenSize=1440x2560, deviceContextId=410510e6-25e4-46ff-935c-94f3674b031c, networkConnectionEnabled=true, testobject_test_name=Test on MototDevice, warnings={}, testobject_device=Samsung_Galaxy_S6_sjc_free, databaseEnabled=false, adbPort=15017, testobject_project_id=farmrise, appActivity=com.climate.farmrise.SplashScreen, testobject_test_report_api_url=https://app.testobject.com/api/rest/v2/reports/13, chromedriverChromeMappingFile=/root/.testobject_devices/work/chromedriver-mapping.json, locationContextEnabled=false, name=Test on MototDevice, testobject_api_key=001657E41B8F4783B767469399C8F198, deviceModel=SM-G920I, testobject_test_live_view_url=https://app.testobject.com/#/sachin11/farmrise/appium/view/13?dc=US}]
Session ID: 80585c16-53a3-4706-a018-e5744927a637
*** Element info: {Using=xpath, value=//android.widget.TextView[@text='English']}]]>
            </message>
            <full-stacktrace>
              <![CDATA[org.openqa.selenium.WebDriverException: Appium unexpectedly ended the connection. It may have quit abnormally. (WARNING: The server did not provide any stacktrace information)
Command duration or timeout: 95.86 seconds
Build info: version: '3.3.1', revision: '5234b325d5', time: '2017-03-10 09:10:29 +0000'
System info: host: 'DESKTOP-A3DICO7', ip: '169.254.89.74', os.name: 'Windows 10', os.arch: 'amd64', os.version: '10.0', java.version: '1.8.0_131'
Driver info: io.appium.java_client.android.AndroidDriver
Capabilities [{suppressKillServer=true, appPackage=com.climate.farmrise, testobject_user_id=sachin11, testobject_platform_name=Android, testobject_test_report_url=https://app.testobject.com/#/sachin11/farmrise/appium/executions/13, testobjectApiKey=001657E41B8F4783B767469399C8F198, testobject_device_name=Samsung Galaxy S6, testobject_device_session_id=a35846ae-5bbb-407f-8ff3-c83373c0c5be, deviceName=0416046a50912602, platform=LINUX, deviceUDID=0416046a50912602, testobject_test_report_id=13, desired={suppressKillServer=true, appPackage=com.climate.farmrise, testobject_platform_name=Android, testobject_test_name=Test on MototDevice, testobjectApiKey=001657E41B8F4783B767469399C8F198, testobject_device=Samsung Galaxy S6, adbPort=15017, deviceName=Samsung_Galaxy_S6_sjc_free, appActivity=com.climate.farmrise.SplashScreen, chromedriverChromeMappingFile=/root/.testobject_devices/work/chromedriver-mapping.json, name=Test on MototDevice, testobject_api_key=001657E41B8F4783B767469399C8F198, platformName=Android, chromedriverExecutableDir=/root/.testobject_devices/work/chromedrivers, newCammandTimeout=150, systemPort=8217}, platformVersion=7.0, webStorageEnabled=false, takesScreenshot=true, javascriptEnabled=true, platformName=Android, deviceManufacturer=samsung, chromedriverExecutableDir=/root/.testobject_devices/work/chromedrivers, newCammandTimeout=150, systemPort=8217, deviceScreenSize=1440x2560, deviceContextId=410510e6-25e4-46ff-935c-94f3674b031c, networkConnectionEnabled=true, testobject_test_name=Test on MototDevice, warnings={}, testobject_device=Samsung_Galaxy_S6_sjc_free, databaseEnabled=false, adbPort=15017, testobject_project_id=farmrise, appActivity=com.climate.farmrise.SplashScreen, testobject_test_report_api_url=https://app.testobject.com/api/rest/v2/reports/13, chromedriverChromeMappingFile=/root/.testobject_devices/work/chromedriver-mapping.json, locationContextEnabled=false, name=Test on MototDevice, testobject_api_key=001657E41B8F4783B767469399C8F198, deviceModel=SM-G920I, testobject_test_live_view_url=https://app.testobject.com/#/sachin11/farmrise/appium/view/13?dc=US}]
Session ID: 80585c16-53a3-4706-a018-e5744927a637
*** Element info: {Using=xpath, value=//android.widget.TextView[@text='English']}
at sun.reflect.NativeConstructorAccessorImpl.newInstance0(Native Method)
at sun.reflect.NativeConstructorAccessorImpl.newInstance(Unknown Source)
at sun.reflect.DelegatingConstructorAccessorImpl.newInstance(Unknown Source)
at java.lang.reflect.Constructor.newInstance(Unknown Source)
at org.openqa.selenium.remote.ErrorHandler.createThrowable(ErrorHandler.java:216)
at org.openqa.selenium.remote.ErrorHandler.throwIfResponseFailed(ErrorHandler.java:168)
at org.openqa.selenium.remote.RemoteWebDriver.execute(RemoteWebDriver.java:638)
at io.appium.java_client.DefaultGenericMobileDriver.execute(DefaultGenericMobileDriver.java:42)
at io.appium.java_client.AppiumDriver.execute(AppiumDriver.java:1)
at io.appium.java_client.android.AndroidDriver.execute(AndroidDriver.java:1)
at org.openqa.selenium.remote.RemoteWebDriver.findElement(RemoteWebDriver.java:371)
at io.appium.java_client.DefaultGenericMobileDriver.findElement(DefaultGenericMobileDriver.java:62)
at io.appium.java_client.AppiumDriver.findElement(AppiumDriver.java:1)
at io.appium.java_client.android.AndroidDriver.findElement(AndroidDriver.java:1)
at org.openqa.selenium.remote.RemoteWebDriver.findElementByXPath(RemoteWebDriver.java:476)
at io.appium.java_client.DefaultGenericMobileDriver.findElementByXPath(DefaultGenericMobileDriver.java:140)
at io.appium.java_client.AppiumDriver.findElementByXPath(AppiumDriver.java:1)
at io.appium.java_client.android.AndroidDriver.findElementByXPath(AndroidDriver.java:1)
at org.openqa.selenium.By$ByXPath.findElement(By.java:361)
at org.openqa.selenium.remote.RemoteWebDriver.findElement(RemoteWebDriver.java:363)
at io.appium.java_client.DefaultGenericMobileDriver.findElement(DefaultGenericMobileDriver.java:58)
at io.appium.java_client.AppiumDriver.findElement(AppiumDriver.java:1)
at io.appium.java_client.android.AndroidDriver.findElement(AndroidDriver.java:1)
at com.farm.qa.base.TestBase.permission_popup(TestBase.java:83)
at sun.reflect.NativeMethodAccessorImpl.invoke0(Native Method)
at sun.reflect.NativeMethodAccessorImpl.invoke(Unknown Source)
at sun.reflect.DelegatingMethodAccessorImpl.invoke(Unknown Source)
at java.lang.reflect.Method.invoke(Unknown Source)
at org.testng.internal.MethodInvocationHelper.invokeMethod(MethodInvocationHelper.java:124)
at org.testng.internal.MethodInvocationHelper.invokeMethodConsideringTimeout(MethodInvocationHelper.java:59)
at org.testng.internal.Invoker.invokeConfigurationMethod(Invoker.java:455)
at org.testng.internal.Invoker.invokeConfigurations(Invoker.java:222)
at org.testng.internal.Invoker.invokeConfigurations(Invoker.java:142)
at org.testng.internal.TestMethodWorker.invokeBeforeClassMethods(TestMethodWorker.java:168)
at org.testng.internal.TestMethodWorker.run(TestMethodWorker.java:105)
at org.testng.TestRunner.privateRun(TestRunner.java:648)
at org.testng.TestRunner.run(TestRunner.java:505)
at org.testng.SuiteRunner.runTest(SuiteRunner.java:455)
at org.testng.SuiteRunner.runSequentially(SuiteRunner.java:450)
at org.testng.SuiteRunner.privateRun(SuiteRunner.java:415)
at org.testng.SuiteRunner.run(SuiteRunner.java:364)
at org.testng.SuiteRunnerWorker.runSuite(SuiteRunnerWorker.java:52)
at org.testng.SuiteRunnerWorker.run(SuiteRunnerWorker.java:84)
at org.testng.TestNG.runSuitesSequentially(TestNG.java:1208)
at org.testng.TestNG.runSuitesLocally(TestNG.java:1137)
at org.testng.TestNG.runSuites(TestNG.java:1049)
at org.testng.TestNG.run(TestNG.java:1017)
at org.testng.remote.AbstractRemoteTestNG.run(AbstractRemoteTestNG.java:114)
at org.testng.remote.RemoteTestNG.initAndRun(RemoteTestNG.java:251)
at org.testng.remote.RemoteTestNG.main(RemoteTestNG.java:77)
]]>
            </full-stacktrace>
          </exception> <!-- org.openqa.selenium.WebDriverException -->
          <reporter-output>
          </reporter-output>
        </test-method> <!-- test_all_tabs -->
        <test-method status="SKIP" signature="settings_tab()[pri:4, instance:com.farm.qa.testcases.FarmAppTest@c81cdd1]" name="settings_tab" duration-ms="0" started-at="2019-02-08T07:37:22Z" finished-at="2019-02-08T07:37:22Z">
          <exception class="org.openqa.selenium.WebDriverException">
            <message>
              <![CDATA[Appium unexpectedly ended the connection. It may have quit abnormally. (WARNING: The server did not provide any stacktrace information)
Command duration or timeout: 95.86 seconds
Build info: version: '3.3.1', revision: '5234b325d5', time: '2017-03-10 09:10:29 +0000'
System info: host: 'DESKTOP-A3DICO7', ip: '169.254.89.74', os.name: 'Windows 10', os.arch: 'amd64', os.version: '10.0', java.version: '1.8.0_131'
Driver info: io.appium.java_client.android.AndroidDriver
Capabilities [{suppressKillServer=true, appPackage=com.climate.farmrise, testobject_user_id=sachin11, testobject_platform_name=Android, testobject_test_report_url=https://app.testobject.com/#/sachin11/farmrise/appium/executions/13, testobjectApiKey=001657E41B8F4783B767469399C8F198, testobject_device_name=Samsung Galaxy S6, testobject_device_session_id=a35846ae-5bbb-407f-8ff3-c83373c0c5be, deviceName=0416046a50912602, platform=LINUX, deviceUDID=0416046a50912602, testobject_test_report_id=13, desired={suppressKillServer=true, appPackage=com.climate.farmrise, testobject_platform_name=Android, testobject_test_name=Test on MototDevice, testobjectApiKey=001657E41B8F4783B767469399C8F198, testobject_device=Samsung Galaxy S6, adbPort=15017, deviceName=Samsung_Galaxy_S6_sjc_free, appActivity=com.climate.farmrise.SplashScreen, chromedriverChromeMappingFile=/root/.testobject_devices/work/chromedriver-mapping.json, name=Test on MototDevice, testobject_api_key=001657E41B8F4783B767469399C8F198, platformName=Android, chromedriverExecutableDir=/root/.testobject_devices/work/chromedrivers, newCammandTimeout=150, systemPort=8217}, platformVersion=7.0, webStorageEnabled=false, takesScreenshot=true, javascriptEnabled=true, platformName=Android, deviceManufacturer=samsung, chromedriverExecutableDir=/root/.testobject_devices/work/chromedrivers, newCammandTimeout=150, systemPort=8217, deviceScreenSize=1440x2560, deviceContextId=410510e6-25e4-46ff-935c-94f3674b031c, networkConnectionEnabled=true, testobject_test_name=Test on MototDevice, warnings={}, testobject_device=Samsung_Galaxy_S6_sjc_free, databaseEnabled=false, adbPort=15017, testobject_project_id=farmrise, appActivity=com.climate.farmrise.SplashScreen, testobject_test_report_api_url=https://app.testobject.com/api/rest/v2/reports/13, chromedriverChromeMappingFile=/root/.testobject_devices/work/chromedriver-mapping.json, locationContextEnabled=false, name=Test on MototDevice, testobject_api_key=001657E41B8F4783B767469399C8F198, deviceModel=SM-G920I, testobject_test_live_view_url=https://app.testobject.com/#/sachin11/farmrise/appium/view/13?dc=US}]
Session ID: 80585c16-53a3-4706-a018-e5744927a637
*** Element info: {Using=xpath, value=//android.widget.TextView[@text='English']}]]>
            </message>
            <full-stacktrace>
              <![CDATA[org.openqa.selenium.WebDriverException: Appium unexpectedly ended the connection. It may have quit abnormally. (WARNING: The server did not provide any stacktrace information)
Command duration or timeout: 95.86 seconds
Build info: version: '3.3.1', revision: '5234b325d5', time: '2017-03-10 09:10:29 +0000'
System info: host: 'DESKTOP-A3DICO7', ip: '169.254.89.74', os.name: 'Windows 10', os.arch: 'amd64', os.version: '10.0', java.version: '1.8.0_131'
Driver info: io.appium.java_client.android.AndroidDriver
Capabilities [{suppressKillServer=true, appPackage=com.climate.farmrise, testobject_user_id=sachin11, testobject_platform_name=Android, testobject_test_report_url=https://app.testobject.com/#/sachin11/farmrise/appium/executions/13, testobjectApiKey=001657E41B8F4783B767469399C8F198, testobject_device_name=Samsung Galaxy S6, testobject_device_session_id=a35846ae-5bbb-407f-8ff3-c83373c0c5be, deviceName=0416046a50912602, platform=LINUX, deviceUDID=0416046a50912602, testobject_test_report_id=13, desired={suppressKillServer=true, appPackage=com.climate.farmrise, testobject_platform_name=Android, testobject_test_name=Test on MototDevice, testobjectApiKey=001657E41B8F4783B767469399C8F198, testobject_device=Samsung Galaxy S6, adbPort=15017, deviceName=Samsung_Galaxy_S6_sjc_free, appActivity=com.climate.farmrise.SplashScreen, chromedriverChromeMappingFile=/root/.testobject_devices/work/chromedriver-mapping.json, name=Test on MototDevice, testobject_api_key=001657E41B8F4783B767469399C8F198, platformName=Android, chromedriverExecutableDir=/root/.testobject_devices/work/chromedrivers, newCammandTimeout=150, systemPort=8217}, platformVersion=7.0, webStorageEnabled=false, takesScreenshot=true, javascriptEnabled=true, platformName=Android, deviceManufacturer=samsung, chromedriverExecutableDir=/root/.testobject_devices/work/chromedrivers, newCammandTimeout=150, systemPort=8217, deviceScreenSize=1440x2560, deviceContextId=410510e6-25e4-46ff-935c-94f3674b031c, networkConnectionEnabled=true, testobject_test_name=Test on MototDevice, warnings={}, testobject_device=Samsung_Galaxy_S6_sjc_free, databaseEnabled=false, adbPort=15017, testobject_project_id=farmrise, appActivity=com.climate.farmrise.SplashScreen, testobject_test_report_api_url=https://app.testobject.com/api/rest/v2/reports/13, chromedriverChromeMappingFile=/root/.testobject_devices/work/chromedriver-mapping.json, locationContextEnabled=false, name=Test on MototDevice, testobject_api_key=001657E41B8F4783B767469399C8F198, deviceModel=SM-G920I, testobject_test_live_view_url=https://app.testobject.com/#/sachin11/farmrise/appium/view/13?dc=US}]
Session ID: 80585c16-53a3-4706-a018-e5744927a637
*** Element info: {Using=xpath, value=//android.widget.TextView[@text='English']}
at sun.reflect.NativeConstructorAccessorImpl.newInstance0(Native Method)
at sun.reflect.NativeConstructorAccessorImpl.newInstance(Unknown Source)
at sun.reflect.DelegatingConstructorAccessorImpl.newInstance(Unknown Source)
at java.lang.reflect.Constructor.newInstance(Unknown Source)
at org.openqa.selenium.remote.ErrorHandler.createThrowable(ErrorHandler.java:216)
at org.openqa.selenium.remote.ErrorHandler.throwIfResponseFailed(ErrorHandler.java:168)
at org.openqa.selenium.remote.RemoteWebDriver.execute(RemoteWebDriver.java:638)
at io.appium.java_client.DefaultGenericMobileDriver.execute(DefaultGenericMobileDriver.java:42)
at io.appium.java_client.AppiumDriver.execute(AppiumDriver.java:1)
at io.appium.java_client.android.AndroidDriver.execute(AndroidDriver.java:1)
at org.openqa.selenium.remote.RemoteWebDriver.findElement(RemoteWebDriver.java:371)
at io.appium.java_client.DefaultGenericMobileDriver.findElement(DefaultGenericMobileDriver.java:62)
at io.appium.java_client.AppiumDriver.findElement(AppiumDriver.java:1)
at io.appium.java_client.android.AndroidDriver.findElement(AndroidDriver.java:1)
at org.openqa.selenium.remote.RemoteWebDriver.findElementByXPath(RemoteWebDriver.java:476)
at io.appium.java_client.DefaultGenericMobileDriver.findElementByXPath(DefaultGenericMobileDriver.java:140)
at io.appium.java_client.AppiumDriver.findElementByXPath(AppiumDriver.java:1)
at io.appium.java_client.android.AndroidDriver.findElementByXPath(AndroidDriver.java:1)
at org.openqa.selenium.By$ByXPath.findElement(By.java:361)
at org.openqa.selenium.remote.RemoteWebDriver.findElement(RemoteWebDriver.java:363)
at io.appium.java_client.DefaultGenericMobileDriver.findElement(DefaultGenericMobileDriver.java:58)
at io.appium.java_client.AppiumDriver.findElement(AppiumDriver.java:1)
at io.appium.java_client.android.AndroidDriver.findElement(AndroidDriver.java:1)
at com.farm.qa.base.TestBase.permission_popup(TestBase.java:83)
at sun.reflect.NativeMethodAccessorImpl.invoke0(Native Method)
at sun.reflect.NativeMethodAccessorImpl.invoke(Unknown Source)
at sun.reflect.DelegatingMethodAccessorImpl.invoke(Unknown Source)
at java.lang.reflect.Method.invoke(Unknown Source)
at org.testng.internal.MethodInvocationHelper.invokeMethod(MethodInvocationHelper.java:124)
at org.testng.internal.MethodInvocationHelper.invokeMethodConsideringTimeout(MethodInvocationHelper.java:59)
at org.testng.internal.Invoker.invokeConfigurationMethod(Invoker.java:455)
at org.testng.internal.Invoker.invokeConfigurations(Invoker.java:222)
at org.testng.internal.Invoker.invokeConfigurations(Invoker.java:142)
at org.testng.internal.TestMethodWorker.invokeBeforeClassMethods(TestMethodWorker.java:168)
at org.testng.internal.TestMethodWorker.run(TestMethodWorker.java:105)
at org.testng.TestRunner.privateRun(TestRunner.java:648)
at org.testng.TestRunner.run(TestRunner.java:505)
at org.testng.SuiteRunner.runTest(SuiteRunner.java:455)
at org.testng.SuiteRunner.runSequentially(SuiteRunner.java:450)
at org.testng.SuiteRunner.privateRun(SuiteRunner.java:415)
at org.testng.SuiteRunner.run(SuiteRunner.java:364)
at org.testng.SuiteRunnerWorker.runSuite(SuiteRunnerWorker.java:52)
at org.testng.SuiteRunnerWorker.run(SuiteRunnerWorker.java:84)
at org.testng.TestNG.runSuitesSequentially(TestNG.java:1208)
at org.testng.TestNG.runSuitesLocally(TestNG.java:1137)
at org.testng.TestNG.runSuites(TestNG.java:1049)
at org.testng.TestNG.run(TestNG.java:1017)
at org.testng.remote.AbstractRemoteTestNG.run(AbstractRemoteTestNG.java:114)
at org.testng.remote.RemoteTestNG.initAndRun(RemoteTestNG.java:251)
at org.testng.remote.RemoteTestNG.main(RemoteTestNG.java:77)
]]>
            </full-stacktrace>
          </exception> <!-- org.openqa.selenium.WebDriverException -->
          <reporter-output>
          </reporter-output>
        </test-method> <!-- settings_tab -->
        <test-method status="SKIP" signature="agronomy_test()[pri:5, instance:com.farm.qa.testcases.FarmAppTest@c81cdd1]" name="agronomy_test" duration-ms="0" started-at="2019-02-08T07:37:22Z" finished-at="2019-02-08T07:37:22Z">
          <exception class="org.openqa.selenium.WebDriverException">
            <message>
              <![CDATA[Appium unexpectedly ended the connection. It may have quit abnormally. (WARNING: The server did not provide any stacktrace information)
Command duration or timeout: 95.86 seconds
Build info: version: '3.3.1', revision: '5234b325d5', time: '2017-03-10 09:10:29 +0000'
System info: host: 'DESKTOP-A3DICO7', ip: '169.254.89.74', os.name: 'Windows 10', os.arch: 'amd64', os.version: '10.0', java.version: '1.8.0_131'
Driver info: io.appium.java_client.android.AndroidDriver
Capabilities [{suppressKillServer=true, appPackage=com.climate.farmrise, testobject_user_id=sachin11, testobject_platform_name=Android, testobject_test_report_url=https://app.testobject.com/#/sachin11/farmrise/appium/executions/13, testobjectApiKey=001657E41B8F4783B767469399C8F198, testobject_device_name=Samsung Galaxy S6, testobject_device_session_id=a35846ae-5bbb-407f-8ff3-c83373c0c5be, deviceName=0416046a50912602, platform=LINUX, deviceUDID=0416046a50912602, testobject_test_report_id=13, desired={suppressKillServer=true, appPackage=com.climate.farmrise, testobject_platform_name=Android, testobject_test_name=Test on MototDevice, testobjectApiKey=001657E41B8F4783B767469399C8F198, testobject_device=Samsung Galaxy S6, adbPort=15017, deviceName=Samsung_Galaxy_S6_sjc_free, appActivity=com.climate.farmrise.SplashScreen, chromedriverChromeMappingFile=/root/.testobject_devices/work/chromedriver-mapping.json, name=Test on MototDevice, testobject_api_key=001657E41B8F4783B767469399C8F198, platformName=Android, chromedriverExecutableDir=/root/.testobject_devices/work/chromedrivers, newCammandTimeout=150, systemPort=8217}, platformVersion=7.0, webStorageEnabled=false, takesScreenshot=true, javascriptEnabled=true, platformName=Android, deviceManufacturer=samsung, chromedriverExecutableDir=/root/.testobject_devices/work/chromedrivers, newCammandTimeout=150, systemPort=8217, deviceScreenSize=1440x2560, deviceContextId=410510e6-25e4-46ff-935c-94f3674b031c, networkConnectionEnabled=true, testobject_test_name=Test on MototDevice, warnings={}, testobject_device=Samsung_Galaxy_S6_sjc_free, databaseEnabled=false, adbPort=15017, testobject_project_id=farmrise, appActivity=com.climate.farmrise.SplashScreen, testobject_test_report_api_url=https://app.testobject.com/api/rest/v2/reports/13, chromedriverChromeMappingFile=/root/.testobject_devices/work/chromedriver-mapping.json, locationContextEnabled=false, name=Test on MototDevice, testobject_api_key=001657E41B8F4783B767469399C8F198, deviceModel=SM-G920I, testobject_test_live_view_url=https://app.testobject.com/#/sachin11/farmrise/appium/view/13?dc=US}]
Session ID: 80585c16-53a3-4706-a018-e5744927a637
*** Element info: {Using=xpath, value=//android.widget.TextView[@text='English']}]]>
            </message>
            <full-stacktrace>
              <![CDATA[org.openqa.selenium.WebDriverException: Appium unexpectedly ended the connection. It may have quit abnormally. (WARNING: The server did not provide any stacktrace information)
Command duration or timeout: 95.86 seconds
Build info: version: '3.3.1', revision: '5234b325d5', time: '2017-03-10 09:10:29 +0000'
System info: host: 'DESKTOP-A3DICO7', ip: '169.254.89.74', os.name: 'Windows 10', os.arch: 'amd64', os.version: '10.0', java.version: '1.8.0_131'
Driver info: io.appium.java_client.android.AndroidDriver
Capabilities [{suppressKillServer=true, appPackage=com.climate.farmrise, testobject_user_id=sachin11, testobject_platform_name=Android, testobject_test_report_url=https://app.testobject.com/#/sachin11/farmrise/appium/executions/13, testobjectApiKey=001657E41B8F4783B767469399C8F198, testobject_device_name=Samsung Galaxy S6, testobject_device_session_id=a35846ae-5bbb-407f-8ff3-c83373c0c5be, deviceName=0416046a50912602, platform=LINUX, deviceUDID=0416046a50912602, testobject_test_report_id=13, desired={suppressKillServer=true, appPackage=com.climate.farmrise, testobject_platform_name=Android, testobject_test_name=Test on MototDevice, testobjectApiKey=001657E41B8F4783B767469399C8F198, testobject_device=Samsung Galaxy S6, adbPort=15017, deviceName=Samsung_Galaxy_S6_sjc_free, appActivity=com.climate.farmrise.SplashScreen, chromedriverChromeMappingFile=/root/.testobject_devices/work/chromedriver-mapping.json, name=Test on MototDevice, testobject_api_key=001657E41B8F4783B767469399C8F198, platformName=Android, chromedriverExecutableDir=/root/.testobject_devices/work/chromedrivers, newCammandTimeout=150, systemPort=8217}, platformVersion=7.0, webStorageEnabled=false, takesScreenshot=true, javascriptEnabled=true, platformName=Android, deviceManufacturer=samsung, chromedriverExecutableDir=/root/.testobject_devices/work/chromedrivers, newCammandTimeout=150, systemPort=8217, deviceScreenSize=1440x2560, deviceContextId=410510e6-25e4-46ff-935c-94f3674b031c, networkConnectionEnabled=true, testobject_test_name=Test on MototDevice, warnings={}, testobject_device=Samsung_Galaxy_S6_sjc_free, databaseEnabled=false, adbPort=15017, testobject_project_id=farmrise, appActivity=com.climate.farmrise.SplashScreen, testobject_test_report_api_url=https://app.testobject.com/api/rest/v2/reports/13, chromedriverChromeMappingFile=/root/.testobject_devices/work/chromedriver-mapping.json, locationContextEnabled=false, name=Test on MototDevice, testobject_api_key=001657E41B8F4783B767469399C8F198, deviceModel=SM-G920I, testobject_test_live_view_url=https://app.testobject.com/#/sachin11/farmrise/appium/view/13?dc=US}]
Session ID: 80585c16-53a3-4706-a018-e5744927a637
*** Element info: {Using=xpath, value=//android.widget.TextView[@text='English']}
at sun.reflect.NativeConstructorAccessorImpl.newInstance0(Native Method)
at sun.reflect.NativeConstructorAccessorImpl.newInstance(Unknown Source)
at sun.reflect.DelegatingConstructorAccessorImpl.newInstance(Unknown Source)
at java.lang.reflect.Constructor.newInstance(Unknown Source)
at org.openqa.selenium.remote.ErrorHandler.createThrowable(ErrorHandler.java:216)
at org.openqa.selenium.remote.ErrorHandler.throwIfResponseFailed(ErrorHandler.java:168)
at org.openqa.selenium.remote.RemoteWebDriver.execute(RemoteWebDriver.java:638)
at io.appium.java_client.DefaultGenericMobileDriver.execute(DefaultGenericMobileDriver.java:42)
at io.appium.java_client.AppiumDriver.execute(AppiumDriver.java:1)
at io.appium.java_client.android.AndroidDriver.execute(AndroidDriver.java:1)
at org.openqa.selenium.remote.RemoteWebDriver.findElement(RemoteWebDriver.java:371)
at io.appium.java_client.DefaultGenericMobileDriver.findElement(DefaultGenericMobileDriver.java:62)
at io.appium.java_client.AppiumDriver.findElement(AppiumDriver.java:1)
at io.appium.java_client.android.AndroidDriver.findElement(AndroidDriver.java:1)
at org.openqa.selenium.remote.RemoteWebDriver.findElementByXPath(RemoteWebDriver.java:476)
at io.appium.java_client.DefaultGenericMobileDriver.findElementByXPath(DefaultGenericMobileDriver.java:140)
at io.appium.java_client.AppiumDriver.findElementByXPath(AppiumDriver.java:1)
at io.appium.java_client.android.AndroidDriver.findElementByXPath(AndroidDriver.java:1)
at org.openqa.selenium.By$ByXPath.findElement(By.java:361)
at org.openqa.selenium.remote.RemoteWebDriver.findElement(RemoteWebDriver.java:363)
at io.appium.java_client.DefaultGenericMobileDriver.findElement(DefaultGenericMobileDriver.java:58)
at io.appium.java_client.AppiumDriver.findElement(AppiumDriver.java:1)
at io.appium.java_client.android.AndroidDriver.findElement(AndroidDriver.java:1)
at com.farm.qa.base.TestBase.permission_popup(TestBase.java:83)
at sun.reflect.NativeMethodAccessorImpl.invoke0(Native Method)
at sun.reflect.NativeMethodAccessorImpl.invoke(Unknown Source)
at sun.reflect.DelegatingMethodAccessorImpl.invoke(Unknown Source)
at java.lang.reflect.Method.invoke(Unknown Source)
at org.testng.internal.MethodInvocationHelper.invokeMethod(MethodInvocationHelper.java:124)
at org.testng.internal.MethodInvocationHelper.invokeMethodConsideringTimeout(MethodInvocationHelper.java:59)
at org.testng.internal.Invoker.invokeConfigurationMethod(Invoker.java:455)
at org.testng.internal.Invoker.invokeConfigurations(Invoker.java:222)
at org.testng.internal.Invoker.invokeConfigurations(Invoker.java:142)
at org.testng.internal.TestMethodWorker.invokeBeforeClassMethods(TestMethodWorker.java:168)
at org.testng.internal.TestMethodWorker.run(TestMethodWorker.java:105)
at org.testng.TestRunner.privateRun(TestRunner.java:648)
at org.testng.TestRunner.run(TestRunner.java:505)
at org.testng.SuiteRunner.runTest(SuiteRunner.java:455)
at org.testng.SuiteRunner.runSequentially(SuiteRunner.java:450)
at org.testng.SuiteRunner.privateRun(SuiteRunner.java:415)
at org.testng.SuiteRunner.run(SuiteRunner.java:364)
at org.testng.SuiteRunnerWorker.runSuite(SuiteRunnerWorker.java:52)
at org.testng.SuiteRunnerWorker.run(SuiteRunnerWorker.java:84)
at org.testng.TestNG.runSuitesSequentially(TestNG.java:1208)
at org.testng.TestNG.runSuitesLocally(TestNG.java:1137)
at org.testng.TestNG.runSuites(TestNG.java:1049)
at org.testng.TestNG.run(TestNG.java:1017)
at org.testng.remote.AbstractRemoteTestNG.run(AbstractRemoteTestNG.java:114)
at org.testng.remote.RemoteTestNG.initAndRun(RemoteTestNG.java:251)
at org.testng.remote.RemoteTestNG.main(RemoteTestNG.java:77)
]]>
            </full-stacktrace>
          </exception> <!-- org.openqa.selenium.WebDriverException -->
          <reporter-output>
          </reporter-output>
        </test-method> <!-- agronomy_test -->
        <test-method status="SKIP" signature="tearDown()[pri:0, instance:com.farm.qa.testcases.FarmAppTest@c81cdd1]" name="tearDown" is-config="true" duration-ms="0" started-at="2019-02-08T07:37:22Z" finished-at="2019-02-08T07:37:22Z">
          <reporter-output>
          </reporter-output>
        </test-method> <!-- tearDown -->
      </class> <!-- com.farm.qa.testcases.FarmAppTest -->
    </test> <!-- Default test -->
  </suite> <!-- Default suite -->
</testng-results>
