<?xml version="1.0" encoding="UTF-8"?>
<testng-results skipped="0" failed="0" ignored="0" total="5" passed="5">
  <reporter-output>
  </reporter-output>
  <suite name="Default suite" duration-ms="62" started-at="2019-05-18T01:49:15Z" finished-at="2019-05-18T01:49:15Z">
    <groups>
    </groups>
    <test name="Default test" duration-ms="62" started-at="2019-05-18T01:49:15Z" finished-at="2019-05-18T01:49:15Z">
      <class name="TestNGConcept.Test2">
        <test-method status="PASS" signature="b()[pri:0, instance:TestNGConcept.Test2@11758f2a]" name="b" duration-ms="15" started-at="2019-05-18T01:49:15Z" finished-at="2019-05-18T01:49:15Z">
          <reporter-output>
          </reporter-output>
        </test-method> <!-- b -->
        <test-method status="PASS" signature="sub()[pri:0, instance:TestNGConcept.Test2@11758f2a]" name="sub" duration-ms="3" started-at="2019-05-18T01:49:15Z" finished-at="2019-05-18T01:49:15Z">
          <reporter-output>
          </reporter-output>
        </test-method> <!-- sub -->
        <test-method status="PASS" signature="add()[pri:0, instance:TestNGConcept.Test2@11758f2a]" name="add" duration-ms="1" started-at="2019-05-18T01:49:15Z" finished-at="2019-05-18T01:49:15Z">
          <reporter-output>
          </reporter-output>
        </test-method> <!-- add -->
        <test-method status="PASS" signature="div()[pri:0, instance:TestNGConcept.Test2@11758f2a]" name="div" duration-ms="4" started-at="2019-05-18T01:49:15Z" finished-at="2019-05-18T01:49:15Z">
          <reporter-output>
          </reporter-output>
        </test-method> <!-- div -->
        <test-method status="PASS" signature="mul()[pri:0, instance:TestNGConcept.Test2@11758f2a]" name="mul" duration-ms="2" started-at="2019-05-18T01:49:15Z" finished-at="2019-05-18T01:49:15Z">
          <reporter-output>
          </reporter-output>
        </test-method> <!-- mul -->
      </class> <!-- TestNGConcept.Test2 -->
    </test> <!-- Default test -->
  </suite> <!-- Default suite -->
</testng-results>
